# Session: 4da2e424-99c3-469a-a69f-ee75f0df5ae1 - 2026-01-24T12:05:38-08:00

========================================
   Ralph Wiggum Loop v2
========================================

  The Sunshine Effect

  Log file: logs/loop-2026-01-24-120538.log
  State file: /home/andre/sunshine/.loop/state.json

--------------------------------------------------
  Pre-flight Checks
--------------------------------------------------
      AESTHETIC-IMPROVEMENTS.md
      BRAND-ALIGNMENT.md
      "Color
      "Example
      "Front

  Starting with 52/52 tasks complete



========================================
   All tasks complete!
========================================

  52/52 tasks done
  Total time: 1s

